Arguments: 
  C:\Program Files\nodejs\node.exe C:\Users\Dell\AppData\Roaming\npm\node_modules\yarn\bin\yarn.js add @thumbtack/thumbprint-react

PATH: 
  C:\Python27\;C:\Python27\Scripts;C:\Program Files (x86)\Common Files\Intel\Shared Libraries\redist\intel64\compiler;C:\WINDOWS\system32;C:\WINDOWS;C:\WINDOWS\System32\Wbem;C:\WINDOWS\System32\WindowsPowerShell\v1.0\;C:\Program Files\Microsoft SQL Server\Client SDK\ODBC\130\Tools\Binn\;C:\Program Files (x86)\Microsoft SQL Server\140\Tools\Binn\;C:\Program Files\Microsoft SQL Server\140\Tools\Binn\;C:\Program Files\Microsoft SQL Server\140\DTS\Binn\;C:\Program Files (x86)\Microsoft SQL Server\Client SDK\ODBC\130\Tools\Binn\;C:\Program Files (x86)\Microsoft SQL Server\140\DTS\Binn\;C:\Program Files (x86)\Microsoft SQL Server\140\Tools\Binn\ManagementStudio\;C:\Program Files\Redis\;C:\Program Files\TortoiseHg\;C:\WINDOWS\System32\OpenSSH\;C:\Program Files\dotnet\;C:\Program Files\Microsoft SQL Server\130\Tools\Binn\;C:\Program Files\Microsoft VS Code\bin;C:\Program Files\Git\cmd;C:\Program Files\Intel\WiFi\bin\;C:\Program Files\Common Files\Intel\WirelessCommon\;C:\Program Files\nodejs\;C:\ProgramData\chocolatey\bin;C:\Program Files\MySQL\MySQL Shell 8.0\bin\;C:\Users\Dell\AppData\Local\Microsoft\WindowsApps;C:\Users\Dell\AppData\Roaming\npm;

Yarn version: 
  1.22.10

Node version: 
  12.14.1

Platform: 
  win32 x64

Trace: 
  Error: EPERM: operation not permitted, unlink 'D:\Udhay Project files\projects_2020\sp_works\spaceworks\node_modules\node-sass\vendor\win32-x64-72\binding.node'

npm manifest: 
  {
    "scripts": {
      "build": "webpack --config webpack.config.js",
      "watch": "webpack --watch --config webpack.config.js",
      "dev": "webpack-dev-server"
    },
    "dependencies": {
      "@types/react": "^16.9.43",
      "@types/react-dom": "^16.9.8",
      "@types/recharts": "^1.8.7",
      "css-loader": "^3.4.2",
      "devextreme": "20.2.5",
      "devextreme-react": "20.2.5",
      "leaflet": "^1.7.1",
      "node-sass": "^4.14.1",
      "react": "^16.14.0",
      "react-dom": "^16.14.0",
      "react-drop-zone": "^4.2.3",
      "react-dropzone": "^11.3.0",
      "react-file-drop": "^3.1.2",
      "react-leaflet": "^3.0.5",
      "sass-loader": "^8.0.2",
      "style-loader": "^1.1.3",
      "typescript": "^3.9.5"
    },
    "devDependencies": {
      "@types/leaflet": "^1.5.19",
      "source-map-loader": "^0.2.4",
      "svg-url-loader": "^6.0.0",
      "ts-loader": "^7.0.5",
      "webpack": "^4.43.0",
      "webpack-cli": "^3.3.12",
      "webpack-dev-server": "^3.11.0",
      "@types/react-leaflet": "^2.5.2"
    }
  }

yarn manifest: 
  No manifest

Lockfile: 
  No lockfile
